[debug] [2022-09-20T23:15:54.390Z] ----------------------------------------------------------------------
[debug] [2022-09-20T23:15:54.393Z] Command:       C:\Program Files\nodejs\node.exe C:\Users\Laura\AppData\Roaming\npm\node_modules\firebase-tools\lib\bin\firebase.js init
[debug] [2022-09-20T23:15:54.393Z] CLI Version:   11.9.0
[debug] [2022-09-20T23:15:54.393Z] Platform:      win32
[debug] [2022-09-20T23:15:54.394Z] Node Version:  v16.17.0
[debug] [2022-09-20T23:15:54.395Z] Time:          Tue Sep 20 2022 20:15:54 GMT-0300 (hora estándar de Argentina)
[debug] [2022-09-20T23:15:54.395Z] ----------------------------------------------------------------------
[debug] 
[debug] [2022-09-20T23:15:54.511Z] > command requires scopes: ["email","openid","https://www.googleapis.com/auth/cloudplatformprojects.readonly","https://www.googleapis.com/auth/firebase","https://www.googleapis.com/auth/cloud-platform"]
[debug] [2022-09-20T23:15:54.512Z] > authorizing via signed-in user (nicolas.157g@gmail.com)
[info] 
     ######## #### ########  ######## ########     ###     ######  ########
     ##        ##  ##     ## ##       ##     ##  ##   ##  ##       ##
     ######    ##  ########  ######   ########  #########  ######  ######
     ##        ##  ##    ##  ##       ##     ## ##     ##       ## ##
     ##       #### ##     ## ######## ########  ##     ##  ######  ########

You're about to initialize a Firebase project in this directory:

  C:\Users\Nico\github\pwr\Slack\slack-clone

Before we get started, keep in mind:

  * You are currently outside your home directory
  * You are initializing within an existing Firebase project directory

